Using pre-set license
Built from '2022.3/staging' branch; Version is '2022.3.9f1 (ea401c316338) revision 15351836'; Using compiler version '192829333'; Build Type 'Release'
OS: 'Windows 10  (10.0.19044) 64bit Core' Language: 'en' Physical Memory: 32438 MB
BatchMode: 1, IsHumanControllingUs: 0, StartBugReporterOnCrash: 0, Is64bit: 1, IsPro: 1

COMMAND LINE ARGUMENTS:
C:\Program Files\Unity\Hub\Editor\2022.3.9f1\Editor\Unity.exe
-adb2
-batchMode
-noUpm
-name
AssetImportWorker2
-projectPath
D:/Work/GitHub/SpaceAppsNominees/SpaceAppsGame
-logFile
Logs/AssetImportWorker2.log
-srvPort
26832
Successfully changed project path to: D:/Work/GitHub/SpaceAppsNominees/SpaceAppsGame
D:/Work/GitHub/SpaceAppsNominees/SpaceAppsGame
[UnityMemory] Configuration Parameters - Can be set up in boot.config
    "memorysetup-bucket-allocator-granularity=16"
    "memorysetup-bucket-allocator-bucket-count=8"
    "memorysetup-bucket-allocator-block-size=33554432"
    "memorysetup-bucket-allocator-block-count=8"
    "memorysetup-main-allocator-block-size=16777216"
    "memorysetup-thread-allocator-block-size=16777216"
    "memorysetup-gfx-main-allocator-block-size=16777216"
    "memorysetup-gfx-thread-allocator-block-size=16777216"
    "memorysetup-cache-allocator-block-size=4194304"
    "memorysetup-typetree-allocator-block-size=2097152"
    "memorysetup-profiler-bucket-allocator-granularity=16"
    "memorysetup-profiler-bucket-allocator-bucket-count=8"
    "memorysetup-profiler-bucket-allocator-block-size=33554432"
    "memorysetup-profiler-bucket-allocator-block-count=8"
    "memorysetup-profiler-allocator-block-size=16777216"
    "memorysetup-profiler-editor-allocator-block-size=1048576"
    "memorysetup-temp-allocator-size-main=16777216"
    "memorysetup-job-temp-allocator-block-size=2097152"
    "memorysetup-job-temp-allocator-block-size-background=1048576"
    "memorysetup-job-temp-allocator-reduction-small-platforms=262144"
    "memorysetup-allocator-temp-initial-block-size-main=262144"
    "memorysetup-allocator-temp-initial-block-size-worker=262144"
    "memorysetup-temp-allocator-size-background-worker=32768"
    "memorysetup-temp-allocator-size-job-worker=262144"
    "memorysetup-temp-allocator-size-preload-manager=33554432"
    "memorysetup-temp-allocator-size-nav-mesh-worker=65536"
    "memorysetup-temp-allocator-size-audio-worker=65536"
    "memorysetup-temp-allocator-size-cloud-worker=32768"
    "memorysetup-temp-allocator-size-gi-baking-worker=262144"
    "memorysetup-temp-allocator-size-gfx=262144"
Player connection [11284] Host "[IP] 192.168.1.254 [Port] 0 [Flags] 2 [Guid] 1714387547 [EditorId] 1714387547 [Version] 1048832 [Id] WindowsEditor(7,FlashKaPC) [Debug] 1 [PackageName] WindowsEditor [ProjectName] Editor" joined multi-casting on [225.0.0.222:54997]...

Player connection [11284] Host "[IP] 192.168.1.254 [Port] 0 [Flags] 2 [Guid] 1714387547 [EditorId] 1714387547 [Version] 1048832 [Id] WindowsEditor(7,FlashKaPC) [Debug] 1 [PackageName] WindowsEditor [ProjectName] Editor" joined alternative multi-casting on [225.0.0.222:34997]...

[Physics::Module] Initialized MultithreadedJobDispatcher with 11 workers.
Refreshing native plugins compatible for Editor in 1075.50 ms, found 12 plugins.
Preloading 1 native plugins for Editor in 0.76 ms.
Initialize engine version: 2022.3.9f1 (ea401c316338)
[Subsystems] Discovering subsystems at path C:/Program Files/Unity/Hub/Editor/2022.3.9f1/Editor/Data/Resources/UnitySubsystems
[Subsystems] Discovering subsystems at path D:/Work/GitHub/SpaceAppsNominees/SpaceAppsGame/Assets
GfxDevice: creating device client; threaded=0; jobified=0
Direct3D:
    Version:  Direct3D 11.0 [level 11.1]
    Renderer: NVIDIA GeForce RTX 3060 Ti (ID=0x2489)
    Vendor:   NVIDIA
    VRAM:     8038 MB
    Driver:   31.0.15.3742
Initialize mono
Mono path[0] = 'C:/Program Files/Unity/Hub/Editor/2022.3.9f1/Editor/Data/Managed'
Mono path[1] = 'C:/Program Files/Unity/Hub/Editor/2022.3.9f1/Editor/Data/MonoBleedingEdge/lib/mono/unityjit-win32'
Mono config path = 'C:/Program Files/Unity/Hub/Editor/2022.3.9f1/Editor/Data/MonoBleedingEdge/etc'
Using monoOptions --debugger-agent=transport=dt_socket,embedding=1,server=y,suspend=n,address=127.0.0.1:56232
Begin MonoManager ReloadAssembly
Registering precompiled unity dll's ...
Register platform support module: C:/Program Files/Unity/Hub/Editor/2022.3.9f1/Editor/Data/PlaybackEngines/WindowsStandaloneSupport/UnityEditor.WindowsStandalone.Extensions.dll
Registered in 0.038264 seconds.
- Loaded All Assemblies, in  0.568 seconds
Native extension for WindowsStandalone target not found
Mono: successfully reloaded assembly
- Finished resetting the current domain, in  0.269 seconds
Domain Reload Profiling: 829ms
	BeginReloadAssembly (238ms)
		ExecutionOrderSort (0ms)
		DisableScriptedObjects (0ms)
		BackupInstance (0ms)
		ReleaseScriptingObjects (0ms)
		CreateAndSetChildDomain (1ms)
	RebuildCommonClasses (43ms)
	RebuildNativeTypeToScriptingClass (10ms)
	initialDomainReloadingComplete (116ms)
	LoadAllAssembliesAndSetupDomain (152ms)
		LoadAssemblies (230ms)
		RebuildTransferFunctionScriptingTraits (0ms)
		AnalyzeDomain (148ms)
			TypeCache.Refresh (147ms)
				TypeCache.ScanAssembly (130ms)
			ScanForSourceGeneratedMonoScriptInfo (0ms)
			ResolveRequiredComponents (0ms)
	FinalizeReload (269ms)
		ReleaseScriptCaches (0ms)
		RebuildScriptCaches (0ms)
		SetupLoadedEditorAssemblies (208ms)
			LogAssemblyErrors (0ms)
			InitializePlatformSupportModulesInManaged (20ms)
			SetLoadedEditorAssemblies (8ms)
			RefreshPlugins (0ms)
			BeforeProcessingInitializeOnLoad (2ms)
			ProcessInitializeOnLoadAttributes (127ms)
			ProcessInitializeOnLoadMethodAttributes (50ms)
			AfterProcessingInitializeOnLoad (0ms)
			EditorAssembliesLoaded (0ms)
		ExecutionOrderSort2 (0ms)
		AwakeInstancesAfterBackupRestoration (0ms)
========================================================================
Worker process is ready to serve import requests
Begin MonoManager ReloadAssembly
- Loaded All Assemblies, in  1.941 seconds
Refreshing native plugins compatible for Editor in 12.18 ms, found 12 plugins.
Native extension for WindowsStandalone target not found
Package Manager log level set to [2]
[Package Manager] Server::EnsureServerProcessIsRunning -- launch failed, reason: Unity was launched with the -noUpm command-line argument
[Package Manager] UpmClient::Send -- Unable to send message (not connected to UPM process).
[Package Manager] Cannot connect to Unity Package Manager local server
[Package Manager] Server::EnsureServerProcessIsRunning -- launch failed, reason: Unity was launched with the -noUpm command-line argument
[Package Manager] UpmClient::Send -- Unable to send message (not connected to UPM process).
[Package Manager] Cannot connect to Unity Package Manager local server
System.Reflection.TargetInvocationException: Exception has been thrown by the target of an invocation. ---> System.NullReferenceException: Object reference not set to an instance of an object
  at Unity.XR.Oculus.OculusLoader.AssetPathToAbsolutePath (System.String assetPath) [0x00041] in .\Library\PackageCache\com.unity.xr.oculus@4.0.0\Runtime\OculusLoader.cs:282 
  at Unity.XR.Oculus.OculusLoader.EditorLoadOVRPlugin () [0x000b0] in .\Library\PackageCache\com.unity.xr.oculus@4.0.0\Runtime\OculusLoader.cs:267 
  at (wrapper managed-to-native) System.Reflection.RuntimeMethodInfo.InternalInvoke(System.Reflection.RuntimeMethodInfo,object,object[],System.Exception&)
  at System.Reflection.RuntimeMethodInfo.Invoke (System.Object obj, System.Reflection.BindingFlags invokeAttr, System.Reflection.Binder binder, System.Object[] parameters, System.Globalization.CultureInfo culture) [0x0006a] in <787acc3c9a4c471ba7d971300105af24>:0 
   --- End of inner exception stack trace ---
  at System.Reflection.RuntimeMethodInfo.Invoke (System.Object obj, System.Reflection.BindingFlags invokeAttr, System.Reflection.Binder binder, System.Object[] parameters, System.Globalization.CultureInfo culture) [0x00083] in <787acc3c9a4c471ba7d971300105af24>:0 
  at System.Reflection.MethodBase.Invoke (System.Object obj, System.Object[] parameters) [0x00000] in <787acc3c9a4c471ba7d971300105af24>:0 
  at UnityEditor.EditorAssemblies.ProcessInitializeOnLoadMethodAttributes () [0x000a5] in <2e279d988b9d4542841de511fbfdf8c2>:0 
UnityEngine.StackTraceUtility:ExtractStackTrace ()
UnityEngine.DebugLogHandler:LogFormat (UnityEngine.LogType,UnityEngine.Object,string,object[])
UnityEngine.Logger:Log (UnityEngine.LogType,object)
UnityEngine.Debug:LogError (object)
UnityEditor.EditorAssemblies:ProcessInitializeOnLoadMethodAttributes ()

Mono: successfully reloaded assembly
[Package Manager] Server::EnsureServerProcessIsRunning -- launch failed, reason: Unity was launched with the -noUpm command-line argument
[Package Manager] UpmClient::Send -- Unable to send message (not connected to UPM process).
[Package Manager] Cannot connect to Unity Package Manager local server
[Package Manager] Server::EnsureServerProcessIsRunning -- launch failed, reason: Unity was launched with the -noUpm command-line argument
[Package Manager] UpmClient::Send -- Unable to send message (not connected to UPM process).
[Package Manager] Cannot connect to Unity Package Manager local server
- Finished resetting the current domain, in  0.940 seconds
Domain Reload Profiling: 2873ms
	BeginReloadAssembly (207ms)
		ExecutionOrderSort (0ms)
		DisableScriptedObjects (6ms)
		BackupInstance (0ms)
		ReleaseScriptingObjects (0ms)
		CreateAndSetChildDomain (20ms)
	RebuildCommonClasses (36ms)
	RebuildNativeTypeToScriptingClass (10ms)
	initialDomainReloadingComplete (61ms)
	LoadAllAssembliesAndSetupDomain (1618ms)
		LoadAssemblies (1535ms)
		RebuildTransferFunctionScriptingTraits (0ms)
		AnalyzeDomain (223ms)
			TypeCache.Refresh (191ms)
				TypeCache.ScanAssembly (170ms)
			ScanForSourceGeneratedMonoScriptInfo (25ms)
			ResolveRequiredComponents (7ms)
	FinalizeReload (941ms)
		ReleaseScriptCaches (0ms)
		RebuildScriptCaches (0ms)
		SetupLoadedEditorAssemblies (762ms)
			LogAssemblyErrors (0ms)
			InitializePlatformSupportModulesInManaged (17ms)
			SetLoadedEditorAssemblies (7ms)
			RefreshPlugins (0ms)
			BeforeProcessingInitializeOnLoad (149ms)
			ProcessInitializeOnLoadAttributes (470ms)
			ProcessInitializeOnLoadMethodAttributes (83ms)
			AfterProcessingInitializeOnLoad (36ms)
			EditorAssembliesLoaded (0ms)
		ExecutionOrderSort2 (0ms)
		AwakeInstancesAfterBackupRestoration (8ms)
Launched and connected shader compiler UnityShaderCompiler.exe after 0.08 seconds
Refreshing native plugins compatible for Editor in 12.97 ms, found 12 plugins.
Preloading 1 native plugins for Editor in 0.04 ms.
Unloading 4706 Unused Serialized files (Serialized files now loaded: 0)
Unloading 88 unused Assets / (1.3 MB). Loaded Objects now: 5190.
Memory consumption went from 168.6 MB to 167.3 MB.
Total: 3.883000 ms (FindLiveObjects: 0.336700 ms CreateObjectMapping: 0.376400 ms MarkObjects: 2.794800 ms  DeleteObjects: 0.373900 ms)

AssetImportParameters requested are different than current active one (requested -> active):
  custom:container-demuxer-ogg: 62fdf1f143b41e24485cea50d1cbac27 -> 
  custom:video-decoder-ogg-theora: a1e56fd34408186e4bbccfd4996cb3dc -> 
  custom:framework-win-MediaFoundation: 216162199b28c13a410421893ffa2e32 -> 
  custom:CustomObjectIndexerAttribute: 756ad292c208cfabdd7b50bc23989ffe -> 
  custom:container-demuxer-webm: 4f35f7cbe854078d1ac9338744f61a02 -> 
  custom:container-muxer-webm: aa71ff27fc2769a1b78a27578f13a17b -> 
  custom:video-decoder-webm-vp8: 9c59270c3fd7afecdb556c50c9e8de78 -> 
  custom:SearchIndexIgnoredProperties: e643bd26f0fe6173181afceb89e7c659 -> 
  custom:AudioImporter_EditorPlatform: d09bf68614088b80899f8185d706f6e7 -> 
  custom:video-encoder-webm-vp8: eb34c28f22e8b96e1ab97ce403110664 -> 
  custom:audio-decoder-ogg-vorbis: bf7c407c2cedff20999df2af8eb42d56 -> 
  custom:audio-encoder-webm-vorbis: bf7c407c2cedff20999df2af8eb42d56 -> 
  custom:scripting/monoscript/fileName/CameraMask.cs: e94d219c800c5fe0af95c1eac65ed986 -> d0af28765bf2becd89db589ededa5f47
========================================================================
Received Import Request.
  Time since last request: 619008.600551 seconds.
  path: Assets/Sorin Models/Lunar Eclipse Prefabs/7 Stages of Lunar Eclipse/S1 Lunar Eclipse.prefab
  artifactKey: Guid(f849bbaa148bfb142a2672db24090b57) Importer(815301076,1909f56bfc062723c751e8b465ee728b)
Start importing Assets/Sorin Models/Lunar Eclipse Prefabs/7 Stages of Lunar Eclipse/S1 Lunar Eclipse.prefab using Guid(f849bbaa148bfb142a2672db24090b57) Importer(815301076,1909f56bfc062723c751e8b465ee728b)  -> (artifact id: '1ebb1ef1c6ceebf54772b8411c5199fe') in 0.203383 seconds
Number of updated asset objects reloaded before import = 0
Number of asset objects unloaded after import = 136
========================================================================
Received Import Request.
  Time since last request: 8.878154 seconds.
  path: Assets/Sorin Models/Lunar Eclipse Prefabs/7 Stages of Lunar Eclipse/S1 Lunar Eclipse.prefab
  artifactKey: Guid(f849bbaa148bfb142a2672db24090b57) Importer(815301076,1909f56bfc062723c751e8b465ee728b)
Start importing Assets/Sorin Models/Lunar Eclipse Prefabs/7 Stages of Lunar Eclipse/S1 Lunar Eclipse.prefab using Guid(f849bbaa148bfb142a2672db24090b57) Importer(815301076,1909f56bfc062723c751e8b465ee728b)  -> (artifact id: 'e9a127f8b6664abf5775f633ed8f8985') in 0.077882 seconds
Number of updated asset objects reloaded before import = 0
Number of asset objects unloaded after import = 136
========================================================================
Received Import Request.
  Time since last request: 3.979081 seconds.
  path: Assets/Sorin Models/Lunar Eclipse Prefabs/7 Stages of Lunar Eclipse/S1 Lunar Eclipse.prefab
  artifactKey: Guid(f849bbaa148bfb142a2672db24090b57) Importer(815301076,1909f56bfc062723c751e8b465ee728b)
Start importing Assets/Sorin Models/Lunar Eclipse Prefabs/7 Stages of Lunar Eclipse/S1 Lunar Eclipse.prefab using Guid(f849bbaa148bfb142a2672db24090b57) Importer(815301076,1909f56bfc062723c751e8b465ee728b)  -> (artifact id: 'ee3cbeb152cdc3a77c2e57112ed0525e') in 0.034802 seconds
Number of updated asset objects reloaded before import = 0
Number of asset objects unloaded after import = 136
========================================================================
Received Import Request.
  Time since last request: 0.000021 seconds.
  path: Assets/Sorin Models/Lunar Eclipse Prefabs/7 Stages of Lunar Eclipse/S5 Lunar Eclipse.prefab
  artifactKey: Guid(76bd09fdc332c7c42800c1d01917b17c) Importer(815301076,1909f56bfc062723c751e8b465ee728b)
Start importing Assets/Sorin Models/Lunar Eclipse Prefabs/7 Stages of Lunar Eclipse/S5 Lunar Eclipse.prefab using Guid(76bd09fdc332c7c42800c1d01917b17c) Importer(815301076,1909f56bfc062723c751e8b465ee728b)  -> (artifact id: '3a55c66174bcfd62fb1eda46c100e767') in 0.038807 seconds
Number of updated asset objects reloaded before import = 0
Number of asset objects unloaded after import = 94
========================================================================
Received Import Request.
  Time since last request: 2.062391 seconds.
  path: Assets/Sorin Models/Lunar Eclipse Prefabs/7 Stages of Lunar Eclipse/S1 Lunar Eclipse.prefab
  artifactKey: Guid(f849bbaa148bfb142a2672db24090b57) Importer(815301076,1909f56bfc062723c751e8b465ee728b)
Start importing Assets/Sorin Models/Lunar Eclipse Prefabs/7 Stages of Lunar Eclipse/S1 Lunar Eclipse.prefab using Guid(f849bbaa148bfb142a2672db24090b57) Importer(815301076,1909f56bfc062723c751e8b465ee728b)  -> (artifact id: '7acf523037f6e8964812296dfff60956') in 0.042556 seconds
Number of updated asset objects reloaded before import = 0
Number of asset objects unloaded after import = 136
========================================================================
Received Import Request.
  Time since last request: 0.000017 seconds.
  path: Assets/Sorin Models/Lunar Eclipse Prefabs/7 Stages of Lunar Eclipse/S5 Lunar Eclipse.prefab
  artifactKey: Guid(76bd09fdc332c7c42800c1d01917b17c) Importer(815301076,1909f56bfc062723c751e8b465ee728b)
Start importing Assets/Sorin Models/Lunar Eclipse Prefabs/7 Stages of Lunar Eclipse/S5 Lunar Eclipse.prefab using Guid(76bd09fdc332c7c42800c1d01917b17c) Importer(815301076,1909f56bfc062723c751e8b465ee728b)  -> (artifact id: 'fcd4327cdf3fd9ef062fd7dec7ac0834') in 0.020683 seconds
Number of updated asset objects reloaded before import = 0
Number of asset objects unloaded after import = 94
========================================================================
Received Import Request.
  Time since last request: 8.370732 seconds.
  path: Assets/Sorin Models/Lunar Eclipse Prefabs/7 Stages of Lunar Eclipse/S1 Lunar Eclipse.prefab
  artifactKey: Guid(f849bbaa148bfb142a2672db24090b57) Importer(815301076,1909f56bfc062723c751e8b465ee728b)
Start importing Assets/Sorin Models/Lunar Eclipse Prefabs/7 Stages of Lunar Eclipse/S1 Lunar Eclipse.prefab using Guid(f849bbaa148bfb142a2672db24090b57) Importer(815301076,1909f56bfc062723c751e8b465ee728b)  -> (artifact id: '5306c73d9eeaf4dbf59791a795ff80b4') in 0.029702 seconds
Number of updated asset objects reloaded before import = 0
Number of asset objects unloaded after import = 136
========================================================================
Received Import Request.
  Time since last request: 0.000019 seconds.
  path: Assets/Sorin Models/Lunar Eclipse Prefabs/7 Stages of Lunar Eclipse/S5 Lunar Eclipse.prefab
  artifactKey: Guid(76bd09fdc332c7c42800c1d01917b17c) Importer(815301076,1909f56bfc062723c751e8b465ee728b)
Start importing Assets/Sorin Models/Lunar Eclipse Prefabs/7 Stages of Lunar Eclipse/S5 Lunar Eclipse.prefab using Guid(76bd09fdc332c7c42800c1d01917b17c) Importer(815301076,1909f56bfc062723c751e8b465ee728b)  -> (artifact id: 'ef455d0c8c93fd919470cdcbe6a96174') in 0.019799 seconds
Number of updated asset objects reloaded before import = 0
Number of asset objects unloaded after import = 94
========================================================================
Received Import Request.
  Time since last request: 9.819498 seconds.
  path: Assets/Sorin Models/Lunar Eclipse Prefabs/7 Stages of Lunar Eclipse/S1 Lunar Eclipse.prefab
  artifactKey: Guid(f849bbaa148bfb142a2672db24090b57) Importer(815301076,1909f56bfc062723c751e8b465ee728b)
Start importing Assets/Sorin Models/Lunar Eclipse Prefabs/7 Stages of Lunar Eclipse/S1 Lunar Eclipse.prefab using Guid(f849bbaa148bfb142a2672db24090b57) Importer(815301076,1909f56bfc062723c751e8b465ee728b)  -> (artifact id: 'fe9d051ef50424af582290590bedceea') in 0.026663 seconds
Number of updated asset objects reloaded before import = 0
Number of asset objects unloaded after import = 136
========================================================================
Received Import Request.
  Time since last request: 0.000017 seconds.
  path: Assets/Sorin Models/Lunar Eclipse Prefabs/7 Stages of Lunar Eclipse/S5 Lunar Eclipse.prefab
  artifactKey: Guid(76bd09fdc332c7c42800c1d01917b17c) Importer(815301076,1909f56bfc062723c751e8b465ee728b)
Start importing Assets/Sorin Models/Lunar Eclipse Prefabs/7 Stages of Lunar Eclipse/S5 Lunar Eclipse.prefab using Guid(76bd09fdc332c7c42800c1d01917b17c) Importer(815301076,1909f56bfc062723c751e8b465ee728b)  -> (artifact id: 'a746fc1d06bc3bd91359fc39477ab7cf') in 0.016761 seconds
Number of updated asset objects reloaded before import = 0
Number of asset objects unloaded after import = 94
========================================================================
Received Import Request.
  Time since last request: 12.178998 seconds.
  path: Assets/Sorin Models/Lunar Eclipse Prefabs/7 Stages of Lunar Eclipse/S1 Lunar Eclipse.prefab
  artifactKey: Guid(f849bbaa148bfb142a2672db24090b57) Importer(815301076,1909f56bfc062723c751e8b465ee728b)
Start importing Assets/Sorin Models/Lunar Eclipse Prefabs/7 Stages of Lunar Eclipse/S1 Lunar Eclipse.prefab using Guid(f849bbaa148bfb142a2672db24090b57) Importer(815301076,1909f56bfc062723c751e8b465ee728b)  -> (artifact id: '5cf3790d32eb28b106365bf2efd284a1') in 0.030891 seconds
Number of updated asset objects reloaded before import = 0
Number of asset objects unloaded after import = 136
========================================================================
Received Import Request.
  Time since last request: 0.000019 seconds.
  path: Assets/Sorin Models/Lunar Eclipse Prefabs/7 Stages of Lunar Eclipse/S5 Lunar Eclipse.prefab
  artifactKey: Guid(76bd09fdc332c7c42800c1d01917b17c) Importer(815301076,1909f56bfc062723c751e8b465ee728b)
Start importing Assets/Sorin Models/Lunar Eclipse Prefabs/7 Stages of Lunar Eclipse/S5 Lunar Eclipse.prefab using Guid(76bd09fdc332c7c42800c1d01917b17c) Importer(815301076,1909f56bfc062723c751e8b465ee728b)  -> (artifact id: '09a18153418e4f86f4b30395840a51fd') in 0.020315 seconds
Number of updated asset objects reloaded before import = 0
Number of asset objects unloaded after import = 94
========================================================================
Received Import Request.
  Time since last request: 8.377709 seconds.
  path: Assets/Sorin Models/Lunar Eclipse Prefabs/7 Stages of Lunar Eclipse/S1 Lunar Eclipse.prefab
  artifactKey: Guid(f849bbaa148bfb142a2672db24090b57) Importer(815301076,1909f56bfc062723c751e8b465ee728b)
Start importing Assets/Sorin Models/Lunar Eclipse Prefabs/7 Stages of Lunar Eclipse/S1 Lunar Eclipse.prefab using Guid(f849bbaa148bfb142a2672db24090b57) Importer(815301076,1909f56bfc062723c751e8b465ee728b)  -> (artifact id: '06dd3e89f21edd62039ac732f85eb829') in 0.031690 seconds
Number of updated asset objects reloaded before import = 0
Number of asset objects unloaded after import = 136
========================================================================
Received Import Request.
  Time since last request: 0.000023 seconds.
  path: Assets/Sorin Models/Lunar Eclipse Prefabs/7 Stages of Lunar Eclipse/S5 Lunar Eclipse.prefab
  artifactKey: Guid(76bd09fdc332c7c42800c1d01917b17c) Importer(815301076,1909f56bfc062723c751e8b465ee728b)
Start importing Assets/Sorin Models/Lunar Eclipse Prefabs/7 Stages of Lunar Eclipse/S5 Lunar Eclipse.prefab using Guid(76bd09fdc332c7c42800c1d01917b17c) Importer(815301076,1909f56bfc062723c751e8b465ee728b)  -> (artifact id: '173783e22383c8e269b5ee4c793e175d') in 0.027921 seconds
Number of updated asset objects reloaded before import = 0
Number of asset objects unloaded after import = 94
========================================================================
Received Import Request.
  Time since last request: 18.475430 seconds.
  path: Assets/Sorin Models/Lunar Eclipse Prefabs/7 Stages of Lunar Eclipse/S1 Lunar Eclipse.prefab
  artifactKey: Guid(f849bbaa148bfb142a2672db24090b57) Importer(815301076,1909f56bfc062723c751e8b465ee728b)
Start importing Assets/Sorin Models/Lunar Eclipse Prefabs/7 Stages of Lunar Eclipse/S1 Lunar Eclipse.prefab using Guid(f849bbaa148bfb142a2672db24090b57) Importer(815301076,1909f56bfc062723c751e8b465ee728b)  -> (artifact id: '25d8b3c33f86c74eabb8f68445542fc5') in 0.037570 seconds
Number of updated asset objects reloaded before import = 0
Number of asset objects unloaded after import = 136
========================================================================
Received Import Request.
  Time since last request: 0.000018 seconds.
  path: Assets/Sorin Models/Lunar Eclipse Prefabs/7 Stages of Lunar Eclipse/S5 Lunar Eclipse.prefab
  artifactKey: Guid(76bd09fdc332c7c42800c1d01917b17c) Importer(815301076,1909f56bfc062723c751e8b465ee728b)
Start importing Assets/Sorin Models/Lunar Eclipse Prefabs/7 Stages of Lunar Eclipse/S5 Lunar Eclipse.prefab using Guid(76bd09fdc332c7c42800c1d01917b17c) Importer(815301076,1909f56bfc062723c751e8b465ee728b)  -> (artifact id: 'f3d2b6a52553694591fd2d5b6b8b1cb1') in 0.024527 seconds
Number of updated asset objects reloaded before import = 0
Number of asset objects unloaded after import = 94
========================================================================
Received Import Request.
  Time since last request: 0.000017 seconds.
  path: Assets/Sorin Models/Lunar Eclipse Prefabs/7 Stages of Lunar Eclipse/S7 Lunar Eclipse.prefab
  artifactKey: Guid(fcfd8c143baa9474c910e4bc01037ebe) Importer(815301076,1909f56bfc062723c751e8b465ee728b)
Start importing Assets/Sorin Models/Lunar Eclipse Prefabs/7 Stages of Lunar Eclipse/S7 Lunar Eclipse.prefab using Guid(fcfd8c143baa9474c910e4bc01037ebe) Importer(815301076,1909f56bfc062723c751e8b465ee728b)  -> (artifact id: 'f37569e8ded02d547b5ec81abed29804') in 0.020812 seconds
Number of updated asset objects reloaded before import = 0
Number of asset objects unloaded after import = 94
========================================================================
Received Import Request.
  Time since last request: 11.766511 seconds.
  path: Assets/Sorin Models/Lunar Eclipse Prefabs/7 Stages of Lunar Eclipse/S1 Lunar Eclipse.prefab
  artifactKey: Guid(f849bbaa148bfb142a2672db24090b57) Importer(815301076,1909f56bfc062723c751e8b465ee728b)
Start importing Assets/Sorin Models/Lunar Eclipse Prefabs/7 Stages of Lunar Eclipse/S1 Lunar Eclipse.prefab using Guid(f849bbaa148bfb142a2672db24090b57) Importer(815301076,1909f56bfc062723c751e8b465ee728b)  -> (artifact id: '2b52dcc32261ee752ce5cd90fbda7ae6') in 0.047409 seconds
Number of updated asset objects reloaded before import = 0
Number of asset objects unloaded after import = 136
========================================================================
Received Import Request.
  Time since last request: 0.000027 seconds.
  path: Assets/Sorin Models/Lunar Eclipse Prefabs/7 Stages of Lunar Eclipse/S5 Lunar Eclipse.prefab
  artifactKey: Guid(76bd09fdc332c7c42800c1d01917b17c) Importer(815301076,1909f56bfc062723c751e8b465ee728b)
Start importing Assets/Sorin Models/Lunar Eclipse Prefabs/7 Stages of Lunar Eclipse/S5 Lunar Eclipse.prefab using Guid(76bd09fdc332c7c42800c1d01917b17c) Importer(815301076,1909f56bfc062723c751e8b465ee728b)  -> (artifact id: '0d0e22f6a5cdd15dcda81c2df90dbd63') in 0.020238 seconds
Number of updated asset objects reloaded before import = 0
Number of asset objects unloaded after import = 94
========================================================================
Received Import Request.
  Time since last request: 27.838167 seconds.
  path: Assets/Sorin Models/Lunar Eclipse Prefabs/7 Stages of Lunar Eclipse/S1 Lunar Eclipse.prefab
  artifactKey: Guid(f849bbaa148bfb142a2672db24090b57) Importer(815301076,1909f56bfc062723c751e8b465ee728b)
Start importing Assets/Sorin Models/Lunar Eclipse Prefabs/7 Stages of Lunar Eclipse/S1 Lunar Eclipse.prefab using Guid(f849bbaa148bfb142a2672db24090b57) Importer(815301076,1909f56bfc062723c751e8b465ee728b)  -> (artifact id: 'f38bb8ec1be3c1d5903ca5d97f00e4a9') in 0.035024 seconds
Number of updated asset objects reloaded before import = 0
Number of asset objects unloaded after import = 136
========================================================================
Received Import Request.
  Time since last request: 0.000020 seconds.
  path: Assets/Sorin Models/Lunar Eclipse Prefabs/7 Stages of Lunar Eclipse/S5 Lunar Eclipse.prefab
  artifactKey: Guid(76bd09fdc332c7c42800c1d01917b17c) Importer(815301076,1909f56bfc062723c751e8b465ee728b)
Start importing Assets/Sorin Models/Lunar Eclipse Prefabs/7 Stages of Lunar Eclipse/S5 Lunar Eclipse.prefab using Guid(76bd09fdc332c7c42800c1d01917b17c) Importer(815301076,1909f56bfc062723c751e8b465ee728b)  -> (artifact id: 'ad7bdd1b34fca9fd8efb088608dfdd5b') in 0.022816 seconds
Number of updated asset objects reloaded before import = 0
Number of asset objects unloaded after import = 94
========================================================================
Received Import Request.
  Time since last request: 0.000024 seconds.
  path: Assets/Sorin Models/Lunar Eclipse Prefabs/7 Stages of Lunar Eclipse/S7 Lunar Eclipse.prefab
  artifactKey: Guid(fcfd8c143baa9474c910e4bc01037ebe) Importer(815301076,1909f56bfc062723c751e8b465ee728b)
Start importing Assets/Sorin Models/Lunar Eclipse Prefabs/7 Stages of Lunar Eclipse/S7 Lunar Eclipse.prefab using Guid(fcfd8c143baa9474c910e4bc01037ebe) Importer(815301076,1909f56bfc062723c751e8b465ee728b)  -> (artifact id: '6d7e72546937a627919bb18bc2950f89') in 0.018620 seconds
Number of updated asset objects reloaded before import = 0
Number of asset objects unloaded after import = 94
========================================================================
Received Import Request.
  Time since last request: 6.594625 seconds.
  path: Assets/Sorin Models/Lunar Eclipse Prefabs/7 Stages of Lunar Eclipse/S1 Lunar Eclipse.prefab
  artifactKey: Guid(f849bbaa148bfb142a2672db24090b57) Importer(815301076,1909f56bfc062723c751e8b465ee728b)
Start importing Assets/Sorin Models/Lunar Eclipse Prefabs/7 Stages of Lunar Eclipse/S1 Lunar Eclipse.prefab using Guid(f849bbaa148bfb142a2672db24090b57) Importer(815301076,1909f56bfc062723c751e8b465ee728b)  -> (artifact id: 'a139d723682758ba36e18fc53a073260') in 0.036524 seconds
Number of updated asset objects reloaded before import = 0
Number of asset objects unloaded after import = 136
========================================================================
Received Import Request.
  Time since last request: 0.000016 seconds.
  path: Assets/Sorin Models/Lunar Eclipse Prefabs/7 Stages of Lunar Eclipse/S5 Lunar Eclipse.prefab
  artifactKey: Guid(76bd09fdc332c7c42800c1d01917b17c) Importer(815301076,1909f56bfc062723c751e8b465ee728b)
Start importing Assets/Sorin Models/Lunar Eclipse Prefabs/7 Stages of Lunar Eclipse/S5 Lunar Eclipse.prefab using Guid(76bd09fdc332c7c42800c1d01917b17c) Importer(815301076,1909f56bfc062723c751e8b465ee728b)  -> (artifact id: '9d96dfb89b1e416f89eda9b865d07f79') in 0.020847 seconds
Number of updated asset objects reloaded before import = 0
Number of asset objects unloaded after import = 94
Editor requested this worker to shutdown with reason: Scaling down because of idle timeout
TcpMessagingSession - receive error: operation aborted. errorcode: 995, details: The I/O operation has been aborted because of either a thread exit or an application request.
AssetImportWorker is now disconnected from the server
Process exiting
Exiting without the bug reporter. Application will terminate with return code 0